[MOBILE] {"run_id":"21eb0e2d-ef5f-4068-a730-6becb8335ad0","view":"Runs","action":"storage_init_success","ts":"2026-02-13T05:53:11.359Z","level":"info"}
[MOBILE] {"run_id":"21eb0e2d-ef5f-4068-a730-6becb8335ad0","view":"LeadInputPage","action":"score_start","ts":"2026-02-13T05:53:15.116Z","level":"info","data":{"mode":"text"}}
[MOBILE] {"run_id":"21eb0e2d-ef5f-4068-a730-6becb8335ad0","view":"Storage","action":"load_profile_miss","ts":"2026-02-13T05:53:15.117Z","level":"info","data":{"action":"use_default"}}
[MOBILE] {"run_id":"21eb0e2d-ef5f-4068-a730-6becb8335ad0","view":"Runs","action":"save_run_success","ts":"2026-02-13T05:53:15.143Z","level":"info","data":{"runId":"855e4b04-ffb8-4160-ac33-5299c0ffcb4f"}}
[MOBILE] {"run_id":"251a5992-264a-4f4c-95af-7d068e943170","view":"Runs","action":"storage_init_success","ts":"2026-02-13T05:53:32.587Z","level":"info"}
[MOBILE] {"run_id":"7c49fd90-7301-47d2-a778-80eeffd67d82","view":"Runs","action":"storage_init_success","ts":"2026-02-13T05:54:03.317Z","level":"info"}
[MOBILE] {"run_id":"a58b178b-e46e-4b82-bb0a-1963d363a4b3","view":"Runs","action":"storage_init_success","ts":"2026-02-13T05:54:33.993Z","level":"info"}
[MOBILE] {"run_id":"f0bb9f24-a57c-420b-924d-dcf6db2ce0bb","view":"Runs","action":"storage_init_success","ts":"2026-02-13T05:55:04.706Z","level":"info"}
[MOBILE] {"run_id":"3dc39668-1008-4595-9794-a62207d29ef2","view":"Runs","action":"storage_init_success","ts":"2026-02-13T05:55:35.429Z","level":"info"}
[MOBILE] {"run_id":"d50d0315-2138-40c0-aba4-ba07fdd51ec8","view":"Runs","action":"storage_init_success","ts":"2026-02-13T05:56:06.117Z","level":"info"}
[MOBILE] {"run_id":"82ac4f1a-b537-416f-9f42-bce405ff12d5","view":"Runs","action":"storage_init_success","ts":"2026-02-13T05:56:37.355Z","level":"info"}
[MOBILE] {"run_id":"6ff779e1-5ccb-46bf-bc24-613c6158c540","view":"Runs","action":"storage_init_success","ts":"2026-02-13T05:57:08.041Z","level":"info"}
[MOBILE] {"run_id":"ab00ffae-ef8e-4a1f-8682-8b4add911ef8","view":"Runs","action":"storage_init_success","ts":"2026-02-13T05:57:38.697Z","level":"info"}
[MOBILE] {"run_id":"3507a69d-8729-403a-9226-b24fbd6c4ef1","view":"Runs","action":"storage_init_success","ts":"2026-02-13T05:58:09.380Z","level":"info"}
[MOBILE] {"run_id":"cc8803b6-c782-4776-a447-bd90a48a2b99","view":"Runs","action":"storage_init_success","ts":"2026-02-13T05:58:40.059Z","level":"info"}
[MOBILE] {"run_id":"039c93ff-4711-4ba1-b85a-cc392c964a97","view":"Runs","action":"storage_init_success","ts":"2026-02-13T05:59:10.754Z","level":"info"}
[MOBILE] {"run_id":"ee307397-2f4d-4b9b-acca-f82047cee0ab","view":"Runs","action":"storage_init_success","ts":"2026-02-13T05:59:41.452Z","level":"info"}
[MOBILE] {"run_id":"7b2d5a95-f773-46a1-bb8a-d689f95eb4cf","view":"Runs","action":"storage_init_success","ts":"2026-02-13T06:00:12.218Z","level":"info"}
[MOBILE] {"run_id":"eb833c3c-beda-49de-87fc-ca7e8194a58d","view":"Runs","action":"storage_init_success","ts":"2026-02-13T06:00:42.900Z","level":"info"}
[MOBILE] {"run_id":"e8402147-b293-44fc-8d95-e90fc9fa3f63","view":"Runs","action":"storage_init_success","ts":"2026-02-13T06:01:13.569Z","level":"info"}
[MOBILE] {"run_id":"be54fc11-6ae4-439c-a775-1a9e13dd5a09","view":"Runs","action":"storage_init_success","ts":"2026-02-13T06:01:44.321Z","level":"info"}
[MOBILE] {"run_id":"46370912-52e8-4a50-bd55-53dd6c564d98","view":"Runs","action":"storage_init_success","ts":"2026-02-13T06:02:15.011Z","level":"info"}
