[2026-02-13T05:53:10.631Z] Starting Mobile Session...
[2026-02-13T05:53:10.691Z] Navigating to https://score-leads.vercel.app
[2026-02-13T05:53:13.412Z] CAPTURED: 01_home_mobile.jpg
[2026-02-13T05:53:13.413Z] Going to Score page...
[2026-02-13T05:53:15.080Z] CAPTURED: 02_scoreleads_input_mobile.jpg
[2026-02-13T05:53:15.081Z] Scoring...
[2026-02-13T05:53:16.726Z] CAPTURED: 03_results_overview_mobile.jpg
[2026-02-13T05:53:16.726Z] Scrolling results...
[2026-02-13T05:53:18.299Z] CAPTURED: 04_results_scrolled_mobile.jpg
[2026-02-13T05:53:18.300Z] Checking Export controls...
[2026-02-13T05:53:19.863Z] CAPTURED: 05_export_controls_mobile.jpg
[2026-02-13T05:53:19.864Z] Going to History...
[2026-02-13T05:53:21.497Z] CAPTURED: 06_history_list_mobile.jpg
[2026-02-13T05:53:21.498Z] Reopening Run...
[2026-02-13T05:53:31.550Z] ERROR: page.waitForSelector: Timeout 10000ms exceeded.
Call log:
[2m  - waiting for locator('text="Analysis Results"') to be visible[22m

[2026-02-13T05:53:32.394Z] RETRY 1: Failed to capture 04_results_breakdown_mobile.jpg - page.click: Timeout 30000ms exceeded.
Call log:
[2m  - waiting for locator('[data-testid="results-card"]:first-child')[22m

[2026-02-13T05:53:33.194Z] FINISHED
[2026-02-13T05:54:03.107Z] RETRY 2: Failed to capture 04_results_breakdown_mobile.jpg - page.click: Timeout 30000ms exceeded.
Call log:
[2m  - waiting for locator('[data-testid="results-card"]:first-child')[22m

[2026-02-13T05:54:33.827Z] RETRY 3: Failed to capture 04_results_breakdown_mobile.jpg - page.click: Timeout 30000ms exceeded.
Call log:
[2m  - waiting for locator('[data-testid="results-card"]:first-child')[22m

[2026-02-13T05:54:34.493Z] FATAL: Could not capture 04_results_breakdown_mobile.jpg
[2026-02-13T05:55:04.493Z] RETRY 1: Failed to capture 05_export_controls_mobile.jpg - page.waitForSelector: Timeout 30000ms exceeded.
Call log:
[2m  - waiting for locator('[data-testid="export-csv-btn"]') to be visible[22m

[2026-02-13T05:55:35.212Z] Targeted Run for remaining screenshots (7-10)...
[2026-02-13T05:55:35.221Z] RETRY 2: Failed to capture 05_export_controls_mobile.jpg - page.waitForSelector: Timeout 30000ms exceeded.
Call log:
[2m  - waiting for locator('[data-testid="export-csv-btn"]') to be visible[22m

[2026-02-13T05:55:36.409Z] Going to History...
[2026-02-13T05:56:05.933Z] RETRY 3: Failed to capture 05_export_controls_mobile.jpg - page.waitForSelector: Timeout 30000ms exceeded.
Call log:
[2m  - waiting for locator('[data-testid="export-csv-btn"]') to be visible[22m

[2026-02-13T05:56:06.620Z] FATAL: Could not capture 05_export_controls_mobile.jpg
[2026-02-13T05:56:06.885Z] ERROR: page.waitForSelector: Timeout 30000ms exceeded.
Call log:
[2m  - waiting for locator('[data-testid="history-item"]') to be visible[22m

[2026-02-13T05:56:08.546Z] FINISHED TARGETED RUN
[2026-02-13T05:56:24.895Z] Unified Run (Populate + Capture 7-10)...
[2026-02-13T05:56:26.080Z] Scoring a lead to create history...
[2026-02-13T05:56:27.085Z] Going to History...
[2026-02-13T05:56:30.610Z] CAPTURED: 07_history_reopen_mobile.jpg
[2026-02-13T05:56:30.612Z] Going to Profile...
[2026-02-13T05:56:32.808Z] CAPTURED: 08_profile_builder_mobile.jpg
[2026-02-13T05:56:32.809Z] Scrolling to suggestions...
[2026-02-13T05:56:34.910Z] CAPTURED: 09_profile_suggestions_mobile.jpg
[2026-02-13T05:56:34.917Z] Starting Desktop context...
[2026-02-13T05:56:36.631Z] RETRY 1: Failed to capture 06_history_list_mobile.jpg - page.click: Timeout 30000ms exceeded.
Call log:
[2m  - waiting for locator('[data-testid="nav-history"]')[22m

[2026-02-13T05:56:38.123Z] CAPTURED: 10_desktop_overview.jpg
[2026-02-13T05:56:39.710Z] FINISHED UNIFIED RUN
[2026-02-13T05:57:07.875Z] RETRY 2: Failed to capture 06_history_list_mobile.jpg - page.click: Timeout 30000ms exceeded.
Call log:
[2m  - waiting for locator('[data-testid="nav-history"]')[22m

[2026-02-13T05:57:38.544Z] RETRY 3: Failed to capture 06_history_list_mobile.jpg - page.click: Timeout 30000ms exceeded.
Call log:
[2m  - waiting for locator('[data-testid="nav-history"]')[22m

[2026-02-13T05:57:39.191Z] FATAL: Could not capture 06_history_list_mobile.jpg
[2026-02-13T05:58:09.203Z] RETRY 1: Failed to capture 07_history_reopen_mobile.jpg - page.click: Timeout 30000ms exceeded.
Call log:
[2m  - waiting for locator('[data-testid="history-item"]:first-child')[22m

[2026-02-13T05:58:39.888Z] RETRY 2: Failed to capture 07_history_reopen_mobile.jpg - page.click: Timeout 30000ms exceeded.
Call log:
[2m  - waiting for locator('[data-testid="history-item"]:first-child')[22m

[2026-02-13T05:59:10.559Z] RETRY 3: Failed to capture 07_history_reopen_mobile.jpg - page.click: Timeout 30000ms exceeded.
Call log:
[2m  - waiting for locator('[data-testid="history-item"]:first-child')[22m

[2026-02-13T05:59:11.259Z] FATAL: Could not capture 07_history_reopen_mobile.jpg
[2026-02-13T05:59:41.272Z] RETRY 1: Failed to capture 08_profile_builder_mobile.jpg - page.click: Timeout 30000ms exceeded.
Call log:
[2m  - waiting for locator('[data-testid="nav-profile"]')[22m

[2026-02-13T06:00:11.972Z] RETRY 2: Failed to capture 08_profile_builder_mobile.jpg - page.click: Timeout 30000ms exceeded.
Call log:
[2m  - waiting for locator('[data-testid="nav-profile"]')[22m

[2026-02-13T06:00:42.729Z] RETRY 3: Failed to capture 08_profile_builder_mobile.jpg - page.click: Timeout 30000ms exceeded.
Call log:
[2m  - waiting for locator('[data-testid="nav-profile"]')[22m

[2026-02-13T06:00:43.405Z] FATAL: Could not capture 08_profile_builder_mobile.jpg
[2026-02-13T06:01:13.416Z] RETRY 1: Failed to capture 09_batch_import_mobile.jpg - page.click: Timeout 30000ms exceeded.
Call log:
[2m  - waiting for locator('[data-testid="nav-new-lead"]')[22m

[2026-02-13T06:01:44.079Z] RETRY 2: Failed to capture 09_batch_import_mobile.jpg - page.click: Timeout 30000ms exceeded.
Call log:
[2m  - waiting for locator('[data-testid="nav-new-lead"]')[22m

[2026-02-13T06:02:14.841Z] RETRY 3: Failed to capture 09_batch_import_mobile.jpg - page.click: Timeout 30000ms exceeded.
Call log:
[2m  - waiting for locator('[data-testid="nav-new-lead"]')[22m

[2026-02-13T06:02:15.522Z] FATAL: Could not capture 09_batch_import_mobile.jpg
[2026-02-13T06:02:19.825Z] SUCCESS: Captured 10_desktop_overview.jpg
[2026-02-13T06:02:21.461Z] FINISHED: All screenshot steps evaluated.
